(1683797713.200980) vcan0 1DF9050F#0027FFFF0200FFFF
(1683797713.201000) vcan0 1DF9050F#01FFFFE7030100FF
(1683797713.201009) vcan0 1DF9050F#020000030100FFFF
(1683797713.201018) vcan0 1DF9050F#03FF7FFFFFFF7F01
(1683797713.201026) vcan0 1DF9050F#0400030100FFFFFF
(1683797713.201035) vcan0 1DF9050F#057FFFFFFF7F
(1683797718.247225) vcan0 1DF9050F#0027FFFF0200FFFF
(1683797718.247242) vcan0 1DF9050F#01FFFFE7030100FF
(1683797718.247251) vcan0 1DF9050F#020000030100FFFF
(1683797718.247259) vcan0 1DF9050F#03FF7FFFFFFF7F01
(1683797718.247267) vcan0 1DF9050F#0400030100FFFFFF
(1683797718.247274) vcan0 1DF9050F#057FFFFFFF7F
(1683797723.236452) vcan0 1DF9050F#0027FFFF0200FFFF
(1683797723.236471) vcan0 1DF9050F#01FFFFE7030100FF
(1683797723.236479) vcan0 1DF9050F#020000030100FFFF
(1683797723.236487) vcan0 1DF9050F#03FF7FFFFFFF7F01
(1683797723.236495) vcan0 1DF9050F#0400030100FFFFFF
(1683797723.236502) vcan0 1DF9050F#057FFFFFFF7F
(1683797728.265683) vcan0 1DF9050F#0037FFFF0200FFFF
(1683797728.265704) vcan0 1DF9050F#01FFFFE00D014459
(1683797728.265714) vcan0 1DF9050F#0220524F55544520
(1683797728.265724) vcan0 1DF9050F#0331007F00000301
(1683797728.265734) vcan0 1DF9050F#0400FFFFFF7FFFFF
(1683797728.265743) vcan0 1DF9050F#05FF7F0100090152
(1683797728.265753) vcan0 1DF9050F#06707432313400FE
(1683797728.265763) vcan0 1DF9050F#077AB91FBD202103
(1683797733.265966) vcan0 1DF9050F#0037FFFF0200FFFF
(1683797733.265985) vcan0 1DF9050F#01FFFFE00D014459
(1683797733.265994) vcan0 1DF9050F#0220524F55544520
(1683797733.266001) vcan0 1DF9050F#0331000000000301
(1683797733.266009) vcan0 1DF9050F#0400FFFFFF7FFFFF
(1683797733.266016) vcan0 1DF9050F#05FF7F0100090152
(1683797733.266024) vcan0 1DF9050F#06707432313400FE
(1683797733.266032) vcan0 1DF9050F#077AB91FBD202103
(1683797738.265238) vcan0 1DF9050F#0037FFFF0200FFFF
(1683797738.265261) vcan0 1DF9050F#01FFFFE00D014459
(1683797738.265272) vcan0 1DF9050F#0220524F55544520
(1683797738.265282) vcan0 1DF9050F#0331000000000301
(1683797738.265292) vcan0 1DF9050F#0400FFFFFF7FFFFF
(1683797738.265301) vcan0 1DF9050F#05FF7F0100090152
(1683797738.265310) vcan0 1DF9050F#06707432313400FE
(1683797738.265321) vcan0 1DF9050F#077AB91FBD202103
